{"E:\\Coding\\Production\\Testing JavaScript Applications\\app.js": {"path":"E:\\Coding\\Production\\Testing JavaScript Applications\\app.js","statementMap":{"0":{"start":{"line":1,"column":12},"end":{"line":1,"column":26}},"1":{"start":{"line":2,"column":15},"end":{"line":2,"column":37}},"2":{"start":{"line":4,"column":12},"end":{"line":4,"column":21}},"3":{"start":{"line":5,"column":15},"end":{"line":5,"column":27}},"4":{"start":{"line":7,"column":12},"end":{"line":7,"column":21}},"5":{"start":{"line":8,"column":16},"end":{"line":8,"column":25}},"6":{"start":{"line":10,"column":0},"end":{"line":13,"column":3}},"7":{"start":{"line":11,"column":14},"end":{"line":11,"column":44}},"8":{"start":{"line":12,"column":1},"end":{"line":12,"column":47}},"9":{"start":{"line":15,"column":0},"end":{"line":28,"column":3}},"10":{"start":{"line":16,"column":28},"end":{"line":16,"column":38}},"11":{"start":{"line":18,"column":1},"end":{"line":21,"column":2}},"12":{"start":{"line":19,"column":2},"end":{"line":19,"column":19}},"13":{"start":{"line":20,"column":2},"end":{"line":20,"column":9}},"14":{"start":{"line":23,"column":1},"end":{"line":23,"column":46}},"15":{"start":{"line":25,"column":18},"end":{"line":25,"column":58}},"16":{"start":{"line":26,"column":1},"end":{"line":26,"column":31}},"17":{"start":{"line":27,"column":1},"end":{"line":27,"column":21}},"18":{"start":{"line":30,"column":0},"end":{"line":35,"column":3}},"19":{"start":{"line":31,"column":28},"end":{"line":31,"column":38}},"20":{"start":{"line":32,"column":18},"end":{"line":32,"column":69}},"21":{"start":{"line":32,"column":58},"end":{"line":32,"column":68}},"22":{"start":{"line":33,"column":1},"end":{"line":33,"column":31}},"23":{"start":{"line":34,"column":1},"end":{"line":34,"column":21}},"24":{"start":{"line":37,"column":0},"end":{"line":37,"column":25}},"25":{"start":{"line":39,"column":19},"end":{"line":41,"column":1}},"26":{"start":{"line":40,"column":1},"end":{"line":40,"column":19}},"27":{"start":{"line":43,"column":0},"end":{"line":43,"column":73}}},"fnMap":{"0":{"name":"(anonymous_0)","decl":{"start":{"line":10,"column":37},"end":{"line":10,"column":38}},"loc":{"start":{"line":10,"column":44},"end":{"line":13,"column":1}},"line":10},"1":{"name":"(anonymous_1)","decl":{"start":{"line":15,"column":44},"end":{"line":15,"column":45}},"loc":{"start":{"line":15,"column":51},"end":{"line":28,"column":1}},"line":15},"2":{"name":"(anonymous_2)","decl":{"start":{"line":30,"column":46},"end":{"line":30,"column":47}},"loc":{"start":{"line":30,"column":53},"end":{"line":35,"column":1}},"line":30},"3":{"name":"(anonymous_3)","decl":{"start":{"line":32,"column":53},"end":{"line":32,"column":54}},"loc":{"start":{"line":32,"column":58},"end":{"line":32,"column":68}},"line":32},"4":{"name":"(anonymous_4)","decl":{"start":{"line":39,"column":19},"end":{"line":39,"column":20}},"loc":{"start":{"line":39,"column":25},"end":{"line":41,"column":1}},"line":39}},"branchMap":{"0":{"loc":{"start":{"line":12,"column":1},"end":{"line":12,"column":46}},"type":"cond-expr","locations":[{"start":{"line":12,"column":9},"end":{"line":12,"column":24}},{"start":{"line":12,"column":29},"end":{"line":12,"column":45}}],"line":12},"1":{"loc":{"start":{"line":18,"column":1},"end":{"line":21,"column":2}},"type":"if","locations":[{"start":{"line":18,"column":1},"end":{"line":21,"column":2}},{"start":{"line":18,"column":1},"end":{"line":21,"column":2}}],"line":18},"2":{"loc":{"start":{"line":25,"column":19},"end":{"line":25,"column":44}},"type":"binary-expr","locations":[{"start":{"line":25,"column":19},"end":{"line":25,"column":38}},{"start":{"line":25,"column":42},"end":{"line":25,"column":44}}],"line":25},"3":{"loc":{"start":{"line":32,"column":19},"end":{"line":32,"column":44}},"type":"binary-expr","locations":[{"start":{"line":32,"column":19},"end":{"line":32,"column":38}},{"start":{"line":32,"column":42},"end":{"line":32,"column":44}}],"line":32}},"s":{"0":1,"1":1,"2":1,"3":1,"4":1,"5":1,"6":1,"7":2,"8":2,"9":1,"10":3,"11":3,"12":3,"13":3,"14":0,"15":0,"16":0,"17":0,"18":1,"19":1,"20":1,"21":0,"22":1,"23":1,"24":1,"25":1,"26":2,"27":1},"f":{"0":2,"1":3,"2":1,"3":0,"4":2},"b":{"0":[0,2],"1":[3,0],"2":[0,0],"3":[1,1]},"_coverageSchema":"1a1c01bbd47fc00a2c39e90264f33305004495a9","hash":"06aea07a458b9ac78820e6a1a9cfc10467c1af84"}
,"E:\\Coding\\Production\\Testing JavaScript Applications\\dbConnection.js": {"path":"E:\\Coding\\Production\\Testing JavaScript Applications\\dbConnection.js","statementMap":{"0":{"start":{"line":1,"column":11},"end":{"line":1,"column":61}},"1":{"start":{"line":3,"column":24},"end":{"line":3,"column":42}},"2":{"start":{"line":3,"column":30},"end":{"line":3,"column":42}},"3":{"start":{"line":5,"column":0},"end":{"line":8,"column":2}}},"fnMap":{"0":{"name":"(anonymous_0)","decl":{"start":{"line":3,"column":24},"end":{"line":3,"column":25}},"loc":{"start":{"line":3,"column":30},"end":{"line":3,"column":42}},"line":3}},"branchMap":{},"s":{"0":3,"1":3,"2":2,"3":3},"f":{"0":2},"b":{},"_coverageSchema":"1a1c01bbd47fc00a2c39e90264f33305004495a9","hash":"ad885d35a70e1fc57ce79546b5b230d2aece1970"}
,"E:\\Coding\\Production\\Testing JavaScript Applications\\knexfile.js": {"path":"E:\\Coding\\Production\\Testing JavaScript Applications\\knexfile.js","statementMap":{"0":{"start":{"line":1,"column":0},"end":{"line":7,"column":2}}},"fnMap":{},"branchMap":{},"s":{"0":3},"f":{},"b":{},"_coverageSchema":"1a1c01bbd47fc00a2c39e90264f33305004495a9","hash":"697e0b99ea506bda166ba975dd7ad1b3aa5facd0"}
,"E:\\Coding\\Production\\Testing JavaScript Applications\\logger.js": {"path":"E:\\Coding\\Production\\Testing JavaScript Applications\\logger.js","statementMap":{"0":{"start":{"line":1,"column":13},"end":{"line":1,"column":28}},"1":{"start":{"line":3,"column":21},"end":{"line":3,"column":27}},"2":{"start":{"line":5,"column":15},"end":{"line":8,"column":1}},"3":{"start":{"line":10,"column":0},"end":{"line":10,"column":24}}},"fnMap":{},"branchMap":{},"s":{"0":1,"1":1,"2":1,"3":1},"f":{},"b":{},"_coverageSchema":"1a1c01bbd47fc00a2c39e90264f33305004495a9","hash":"33187acbc64609c2eaa03cf8726713ae97e15d3b"}
,"E:\\Coding\\Production\\Testing JavaScript Applications\\Chapter2\\2. Unit Tests\\3. Jest Tests\\Cart.js": {"path":"E:\\Coding\\Production\\Testing JavaScript Applications\\Chapter2\\2. Unit Tests\\3. Jest Tests\\Cart.js","statementMap":{"0":{"start":{"line":3,"column":2},"end":{"line":3,"column":18}},"1":{"start":{"line":6,"column":2},"end":{"line":6,"column":24}},"2":{"start":{"line":9,"column":2},"end":{"line":14,"column":3}},"3":{"start":{"line":9,"column":15},"end":{"line":9,"column":16}},"4":{"start":{"line":10,"column":3},"end":{"line":13,"column":4}},"5":{"start":{"line":11,"column":4},"end":{"line":11,"column":28}},"6":{"start":{"line":12,"column":4},"end":{"line":12,"column":11}},"7":{"start":{"line":18,"column":0},"end":{"line":18,"column":22}}},"fnMap":{"0":{"name":"(anonymous_0)","decl":{"start":{"line":2,"column":1},"end":{"line":2,"column":2}},"loc":{"start":{"line":2,"column":15},"end":{"line":4,"column":2}},"line":2},"1":{"name":"(anonymous_1)","decl":{"start":{"line":5,"column":1},"end":{"line":5,"column":2}},"loc":{"start":{"line":5,"column":17},"end":{"line":7,"column":2}},"line":5},"2":{"name":"(anonymous_2)","decl":{"start":{"line":8,"column":1},"end":{"line":8,"column":2}},"loc":{"start":{"line":8,"column":22},"end":{"line":15,"column":2}},"line":8}},"branchMap":{"0":{"loc":{"start":{"line":10,"column":3},"end":{"line":13,"column":4}},"type":"if","locations":[{"start":{"line":10,"column":3},"end":{"line":13,"column":4}},{"start":{"line":10,"column":3},"end":{"line":13,"column":4}}],"line":10}},"s":{"0":1,"1":4,"2":1,"3":1,"4":2,"5":1,"6":1,"7":1},"f":{"0":1,"1":4,"2":1},"b":{"0":[1,1]},"_coverageSchema":"1a1c01bbd47fc00a2c39e90264f33305004495a9","hash":"593d7c98a304122baa77ff1b4ce8ddae1c4695cc"}
,"E:\\Coding\\Production\\Testing JavaScript Applications\\Chapter2\\3. Integration Tests\\1. Async Test\\Cart.js": {"path":"E:\\Coding\\Production\\Testing JavaScript Applications\\Chapter2\\3. Integration Tests\\1. Async Test\\Cart.js","statementMap":{"0":{"start":{"line":1,"column":15},"end":{"line":1,"column":47}},"1":{"start":{"line":3,"column":19},"end":{"line":5,"column":1}},"2":{"start":{"line":4,"column":1},"end":{"line":4,"column":41}},"3":{"start":{"line":7,"column":16},"end":{"line":9,"column":1}},"4":{"start":{"line":8,"column":1},"end":{"line":8,"column":55}},"5":{"start":{"line":11,"column":0},"end":{"line":14,"column":2}}},"fnMap":{"0":{"name":"(anonymous_0)","decl":{"start":{"line":3,"column":19},"end":{"line":3,"column":20}},"loc":{"start":{"line":3,"column":31},"end":{"line":5,"column":1}},"line":3},"1":{"name":"(anonymous_1)","decl":{"start":{"line":7,"column":16},"end":{"line":7,"column":17}},"loc":{"start":{"line":7,"column":38},"end":{"line":9,"column":1}},"line":7}},"branchMap":{},"s":{"0":1,"1":1,"2":1,"3":1,"4":0,"5":1},"f":{"0":1,"1":0},"b":{},"_coverageSchema":"1a1c01bbd47fc00a2c39e90264f33305004495a9","hash":"888bab42d64dedc28667483ce0ebd5928fa2cf5b"}
,"E:\\Coding\\Production\\Testing JavaScript Applications\\Chapter2\\3. Integration Tests\\2. Promise with done\\Cart.js": {"path":"E:\\Coding\\Production\\Testing JavaScript Applications\\Chapter2\\3. Integration Tests\\2. Promise with done\\Cart.js","statementMap":{"0":{"start":{"line":1,"column":15},"end":{"line":1,"column":47}},"1":{"start":{"line":3,"column":19},"end":{"line":5,"column":1}},"2":{"start":{"line":4,"column":1},"end":{"line":4,"column":41}},"3":{"start":{"line":7,"column":16},"end":{"line":9,"column":1}},"4":{"start":{"line":8,"column":1},"end":{"line":8,"column":55}},"5":{"start":{"line":11,"column":0},"end":{"line":14,"column":2}}},"fnMap":{"0":{"name":"(anonymous_0)","decl":{"start":{"line":3,"column":19},"end":{"line":3,"column":20}},"loc":{"start":{"line":3,"column":31},"end":{"line":5,"column":1}},"line":3},"1":{"name":"(anonymous_1)","decl":{"start":{"line":7,"column":16},"end":{"line":7,"column":17}},"loc":{"start":{"line":7,"column":38},"end":{"line":9,"column":1}},"line":7}},"branchMap":{},"s":{"0":1,"1":1,"2":1,"3":1,"4":0,"5":1},"f":{"0":1,"1":0},"b":{},"_coverageSchema":"1a1c01bbd47fc00a2c39e90264f33305004495a9","hash":"7b3c2ba4c49e32bea66868db2a3282d83895f926"}
,"E:\\Coding\\Production\\Testing JavaScript Applications\\Chapter2\\3. Integration Tests\\3. Jest with hooks\\Cart.js": {"path":"E:\\Coding\\Production\\Testing JavaScript Applications\\Chapter2\\3. Integration Tests\\3. Jest with hooks\\Cart.js","statementMap":{"0":{"start":{"line":1,"column":15},"end":{"line":1,"column":47}},"1":{"start":{"line":3,"column":19},"end":{"line":5,"column":1}},"2":{"start":{"line":4,"column":1},"end":{"line":4,"column":41}},"3":{"start":{"line":7,"column":16},"end":{"line":9,"column":1}},"4":{"start":{"line":8,"column":1},"end":{"line":8,"column":55}},"5":{"start":{"line":11,"column":0},"end":{"line":14,"column":2}}},"fnMap":{"0":{"name":"(anonymous_0)","decl":{"start":{"line":3,"column":19},"end":{"line":3,"column":20}},"loc":{"start":{"line":3,"column":31},"end":{"line":5,"column":1}},"line":3},"1":{"name":"(anonymous_1)","decl":{"start":{"line":7,"column":16},"end":{"line":7,"column":17}},"loc":{"start":{"line":7,"column":38},"end":{"line":9,"column":1}},"line":7}},"branchMap":{},"s":{"0":1,"1":1,"2":1,"3":1,"4":1,"5":1},"f":{"0":1,"1":1},"b":{},"_coverageSchema":"1a1c01bbd47fc00a2c39e90264f33305004495a9","hash":"d61a5eb1ac2e869a8b29f312361a0b4d48553dfe"}
,"E:\\Coding\\Production\\Testing JavaScript Applications\\Chapter3\\2. Writing Good Assertions\\1. Assertion Checks\\InventoryController.js": {"path":"E:\\Coding\\Production\\Testing JavaScript Applications\\Chapter3\\2. Writing Good Assertions\\1. Assertion Checks\\InventoryController.js","statementMap":{"0":{"start":{"line":1,"column":18},"end":{"line":1,"column":27}},"1":{"start":{"line":3,"column":23},"end":{"line":9,"column":1}},"2":{"start":{"line":4,"column":1},"end":{"line":4,"column":73}},"3":{"start":{"line":4,"column":28},"end":{"line":4,"column":73}},"4":{"start":{"line":5,"column":25},"end":{"line":5,"column":49}},"5":{"start":{"line":6,"column":21},"end":{"line":6,"column":40}},"6":{"start":{"line":7,"column":1},"end":{"line":7,"column":34}},"7":{"start":{"line":8,"column":1},"end":{"line":8,"column":20}},"8":{"start":{"line":11,"column":0},"end":{"line":11,"column":47}}},"fnMap":{"0":{"name":"(anonymous_0)","decl":{"start":{"line":3,"column":23},"end":{"line":3,"column":24}},"loc":{"start":{"line":3,"column":36},"end":{"line":9,"column":1}},"line":3}},"branchMap":{"0":{"loc":{"start":{"line":4,"column":1},"end":{"line":4,"column":73}},"type":"if","locations":[{"start":{"line":4,"column":1},"end":{"line":4,"column":73}},{"start":{"line":4,"column":1},"end":{"line":4,"column":73}}],"line":4},"1":{"loc":{"start":{"line":5,"column":25},"end":{"line":5,"column":49}},"type":"binary-expr","locations":[{"start":{"line":5,"column":25},"end":{"line":5,"column":44}},{"start":{"line":5,"column":48},"end":{"line":5,"column":49}}],"line":5}},"s":{"0":1,"1":1,"2":1,"3":1,"4":0,"5":0,"6":0,"7":0,"8":1},"f":{"0":1},"b":{"0":[1,0],"1":[0,0]},"_coverageSchema":"1a1c01bbd47fc00a2c39e90264f33305004495a9","hash":"29d360bb58ee087584f7c67cc02989f544a5c3fb"}
,"E:\\Coding\\Production\\Testing JavaScript Applications\\Chapter3\\2. Writing Good Assertions\\3. LooseAssertions\\InventoryController.js": {"path":"E:\\Coding\\Production\\Testing JavaScript Applications\\Chapter3\\2. Writing Good Assertions\\3. LooseAssertions\\InventoryController.js","statementMap":{"0":{"start":{"line":1,"column":18},"end":{"line":1,"column":27}},"1":{"start":{"line":3,"column":23},"end":{"line":9,"column":1}},"2":{"start":{"line":4,"column":1},"end":{"line":4,"column":73}},"3":{"start":{"line":4,"column":28},"end":{"line":4,"column":73}},"4":{"start":{"line":5,"column":25},"end":{"line":5,"column":49}},"5":{"start":{"line":6,"column":21},"end":{"line":6,"column":40}},"6":{"start":{"line":7,"column":1},"end":{"line":7,"column":34}},"7":{"start":{"line":8,"column":1},"end":{"line":8,"column":20}},"8":{"start":{"line":11,"column":0},"end":{"line":11,"column":47}}},"fnMap":{"0":{"name":"(anonymous_0)","decl":{"start":{"line":3,"column":23},"end":{"line":3,"column":24}},"loc":{"start":{"line":3,"column":36},"end":{"line":9,"column":1}},"line":3}},"branchMap":{"0":{"loc":{"start":{"line":4,"column":1},"end":{"line":4,"column":73}},"type":"if","locations":[{"start":{"line":4,"column":1},"end":{"line":4,"column":73}},{"start":{"line":4,"column":1},"end":{"line":4,"column":73}}],"line":4},"1":{"loc":{"start":{"line":5,"column":25},"end":{"line":5,"column":49}},"type":"binary-expr","locations":[{"start":{"line":5,"column":25},"end":{"line":5,"column":44}},{"start":{"line":5,"column":48},"end":{"line":5,"column":49}}],"line":5}},"s":{"0":1,"1":1,"2":3,"3":0,"4":3,"5":3,"6":3,"7":3,"8":1},"f":{"0":3},"b":{"0":[0,3],"1":[3,3]},"_coverageSchema":"1a1c01bbd47fc00a2c39e90264f33305004495a9","hash":"81b34ff73aea5ef5836885ffafa6cf4bcf477bd6"}
,"E:\\Coding\\Production\\Testing JavaScript Applications\\Chapter3\\2. Writing Good Assertions\\4. AsymmetricMatchers\\InventoryController.js": {"path":"E:\\Coding\\Production\\Testing JavaScript Applications\\Chapter3\\2. Writing Good Assertions\\4. AsymmetricMatchers\\InventoryController.js","statementMap":{"0":{"start":{"line":1,"column":18},"end":{"line":1,"column":27}},"1":{"start":{"line":3,"column":23},"end":{"line":9,"column":1}},"2":{"start":{"line":4,"column":1},"end":{"line":4,"column":73}},"3":{"start":{"line":4,"column":28},"end":{"line":4,"column":73}},"4":{"start":{"line":5,"column":25},"end":{"line":5,"column":49}},"5":{"start":{"line":6,"column":21},"end":{"line":6,"column":40}},"6":{"start":{"line":7,"column":1},"end":{"line":7,"column":34}},"7":{"start":{"line":8,"column":1},"end":{"line":8,"column":20}},"8":{"start":{"line":13,"column":21},"end":{"line":20,"column":1}},"9":{"start":{"line":14,"column":22},"end":{"line":14,"column":53}},"10":{"start":{"line":15,"column":18},"end":{"line":17,"column":7}},"11":{"start":{"line":16,"column":2},"end":{"line":16,"column":43}},"12":{"start":{"line":19,"column":1},"end":{"line":19,"column":49}},"13":{"start":{"line":22,"column":0},"end":{"line":22,"column":61}}},"fnMap":{"0":{"name":"(anonymous_0)","decl":{"start":{"line":3,"column":23},"end":{"line":3,"column":24}},"loc":{"start":{"line":3,"column":36},"end":{"line":9,"column":1}},"line":3},"1":{"name":"(anonymous_1)","decl":{"start":{"line":13,"column":21},"end":{"line":13,"column":22}},"loc":{"start":{"line":13,"column":27},"end":{"line":20,"column":1}},"line":13},"2":{"name":"(anonymous_2)","decl":{"start":{"line":15,"column":38},"end":{"line":15,"column":39}},"loc":{"start":{"line":15,"column":70},"end":{"line":17,"column":2}},"line":15}},"branchMap":{"0":{"loc":{"start":{"line":4,"column":1},"end":{"line":4,"column":73}},"type":"if","locations":[{"start":{"line":4,"column":1},"end":{"line":4,"column":73}},{"start":{"line":4,"column":1},"end":{"line":4,"column":73}}],"line":4},"1":{"loc":{"start":{"line":5,"column":25},"end":{"line":5,"column":49}},"type":"binary-expr","locations":[{"start":{"line":5,"column":25},"end":{"line":5,"column":44}},{"start":{"line":5,"column":48},"end":{"line":5,"column":49}}],"line":5}},"s":{"0":1,"1":1,"2":0,"3":0,"4":0,"5":0,"6":0,"7":0,"8":1,"9":1,"10":1,"11":4,"12":1,"13":1},"f":{"0":0,"1":1,"2":4},"b":{"0":[0,0],"1":[0,0]},"_coverageSchema":"1a1c01bbd47fc00a2c39e90264f33305004495a9","hash":"09780a7edb60c5ee08761df16b3144acfa504b89"}
,"E:\\Coding\\Production\\Testing JavaScript Applications\\Chapter3\\2. Writing Good Assertions\\5. ManualAssertions\\InventoryController.js": {"path":"E:\\Coding\\Production\\Testing JavaScript Applications\\Chapter3\\2. Writing Good Assertions\\5. ManualAssertions\\InventoryController.js","statementMap":{"0":{"start":{"line":1,"column":18},"end":{"line":1,"column":27}},"1":{"start":{"line":3,"column":21},"end":{"line":13,"column":1}},"2":{"start":{"line":4,"column":22},"end":{"line":4,"column":53}},"3":{"start":{"line":5,"column":18},"end":{"line":7,"column":7}},"4":{"start":{"line":6,"column":2},"end":{"line":6,"column":43}},"5":{"start":{"line":9,"column":1},"end":{"line":12,"column":3}},"6":{"start":{"line":15,"column":0},"end":{"line":15,"column":45}}},"fnMap":{"0":{"name":"(anonymous_0)","decl":{"start":{"line":3,"column":21},"end":{"line":3,"column":22}},"loc":{"start":{"line":3,"column":27},"end":{"line":13,"column":1}},"line":3},"1":{"name":"(anonymous_1)","decl":{"start":{"line":5,"column":38},"end":{"line":5,"column":39}},"loc":{"start":{"line":5,"column":70},"end":{"line":7,"column":2}},"line":5}},"branchMap":{},"s":{"0":1,"1":1,"2":1,"3":1,"4":0,"5":1,"6":1},"f":{"0":1,"1":0},"b":{},"_coverageSchema":"1a1c01bbd47fc00a2c39e90264f33305004495a9","hash":"a61de9d2712cc4438cfb58af705509ecf7d79584"}
,"E:\\Coding\\Production\\Testing JavaScript Applications\\Chapter3\\2. Writing Good Assertions\\6. CustomMatchers\\InventoryController.js": {"path":"E:\\Coding\\Production\\Testing JavaScript Applications\\Chapter3\\2. Writing Good Assertions\\6. CustomMatchers\\InventoryController.js","statementMap":{"0":{"start":{"line":1,"column":18},"end":{"line":1,"column":27}},"1":{"start":{"line":3,"column":21},"end":{"line":13,"column":1}},"2":{"start":{"line":4,"column":22},"end":{"line":4,"column":53}},"3":{"start":{"line":5,"column":18},"end":{"line":7,"column":7}},"4":{"start":{"line":6,"column":2},"end":{"line":6,"column":43}},"5":{"start":{"line":9,"column":1},"end":{"line":12,"column":3}},"6":{"start":{"line":15,"column":0},"end":{"line":15,"column":45}}},"fnMap":{"0":{"name":"(anonymous_0)","decl":{"start":{"line":3,"column":21},"end":{"line":3,"column":22}},"loc":{"start":{"line":3,"column":27},"end":{"line":13,"column":1}},"line":3},"1":{"name":"(anonymous_1)","decl":{"start":{"line":5,"column":38},"end":{"line":5,"column":39}},"loc":{"start":{"line":5,"column":70},"end":{"line":7,"column":2}},"line":5}},"branchMap":{},"s":{"0":1,"1":1,"2":1,"3":1,"4":0,"5":1,"6":1},"f":{"0":1,"1":0},"b":{},"_coverageSchema":"1a1c01bbd47fc00a2c39e90264f33305004495a9","hash":"38c5ef479f98a6237bf1f891acda84425f5f35aa"}
,"E:\\Coding\\Production\\Testing JavaScript Applications\\Chapter3\\3. Mocks Stubs And Spies\\1. Mocking Objects\\InventoryController.js": {"path":"E:\\Coding\\Production\\Testing JavaScript Applications\\Chapter3\\3. Mocks Stubs And Spies\\1. Mocking Objects\\InventoryController.js","statementMap":{"0":{"start":{"line":1,"column":15},"end":{"line":1,"column":41}},"1":{"start":{"line":3,"column":18},"end":{"line":3,"column":27}},"2":{"start":{"line":5,"column":23},"end":{"line":15,"column":1}},"3":{"start":{"line":6,"column":1},"end":{"line":9,"column":2}},"4":{"start":{"line":7,"column":2},"end":{"line":7,"column":101}},"5":{"start":{"line":8,"column":2},"end":{"line":8,"column":46}},"6":{"start":{"line":10,"column":25},"end":{"line":10,"column":49}},"7":{"start":{"line":11,"column":21},"end":{"line":11,"column":47}},"8":{"start":{"line":12,"column":1},"end":{"line":12,"column":34}},"9":{"start":{"line":13,"column":1},"end":{"line":13,"column":107}},"10":{"start":{"line":14,"column":1},"end":{"line":14,"column":20}},"11":{"start":{"line":17,"column":21},"end":{"line":25,"column":1}},"12":{"start":{"line":18,"column":22},"end":{"line":18,"column":53}},"13":{"start":{"line":19,"column":18},"end":{"line":21,"column":7}},"14":{"start":{"line":20,"column":2},"end":{"line":20,"column":43}},"15":{"start":{"line":23,"column":1},"end":{"line":23,"column":57}},"16":{"start":{"line":24,"column":1},"end":{"line":24,"column":49}},"17":{"start":{"line":27,"column":0},"end":{"line":27,"column":61}}},"fnMap":{"0":{"name":"(anonymous_0)","decl":{"start":{"line":5,"column":23},"end":{"line":5,"column":24}},"loc":{"start":{"line":5,"column":43},"end":{"line":15,"column":1}},"line":5},"1":{"name":"(anonymous_1)","decl":{"start":{"line":17,"column":21},"end":{"line":17,"column":22}},"loc":{"start":{"line":17,"column":27},"end":{"line":25,"column":1}},"line":17},"2":{"name":"(anonymous_2)","decl":{"start":{"line":19,"column":38},"end":{"line":19,"column":39}},"loc":{"start":{"line":19,"column":70},"end":{"line":21,"column":2}},"line":19}},"branchMap":{"0":{"loc":{"start":{"line":6,"column":1},"end":{"line":9,"column":2}},"type":"if","locations":[{"start":{"line":6,"column":1},"end":{"line":9,"column":2}},{"start":{"line":6,"column":1},"end":{"line":9,"column":2}}],"line":6},"1":{"loc":{"start":{"line":10,"column":25},"end":{"line":10,"column":49}},"type":"binary-expr","locations":[{"start":{"line":10,"column":25},"end":{"line":10,"column":44}},{"start":{"line":10,"column":48},"end":{"line":10,"column":49}}],"line":10}},"s":{"0":1,"1":1,"2":1,"3":3,"4":2,"5":2,"6":1,"7":1,"8":1,"9":1,"10":1,"11":1,"12":1,"13":1,"14":1,"15":1,"16":1,"17":1},"f":{"0":3,"1":1,"2":1},"b":{"0":[2,1],"1":[1,1]},"_coverageSchema":"1a1c01bbd47fc00a2c39e90264f33305004495a9","hash":"764ae6b30e016510cbef25144bd1547d45958dad"}
,"E:\\Coding\\Production\\Testing JavaScript Applications\\Chapter3\\3. Mocks Stubs And Spies\\2. Mocking Imports\\InventoryController.js": {"path":"E:\\Coding\\Production\\Testing JavaScript Applications\\Chapter3\\3. Mocks Stubs And Spies\\2. Mocking Imports\\InventoryController.js","statementMap":{"0":{"start":{"line":1,"column":30},"end":{"line":1,"column":56}},"1":{"start":{"line":3,"column":18},"end":{"line":3,"column":27}},"2":{"start":{"line":5,"column":23},"end":{"line":15,"column":1}},"3":{"start":{"line":6,"column":1},"end":{"line":9,"column":2}},"4":{"start":{"line":7,"column":2},"end":{"line":7,"column":94}},"5":{"start":{"line":8,"column":2},"end":{"line":8,"column":46}},"6":{"start":{"line":10,"column":25},"end":{"line":10,"column":49}},"7":{"start":{"line":11,"column":21},"end":{"line":11,"column":47}},"8":{"start":{"line":12,"column":1},"end":{"line":12,"column":34}},"9":{"start":{"line":13,"column":1},"end":{"line":13,"column":100}},"10":{"start":{"line":14,"column":1},"end":{"line":14,"column":20}},"11":{"start":{"line":17,"column":21},"end":{"line":25,"column":1}},"12":{"start":{"line":18,"column":22},"end":{"line":18,"column":53}},"13":{"start":{"line":19,"column":18},"end":{"line":21,"column":7}},"14":{"start":{"line":20,"column":2},"end":{"line":20,"column":43}},"15":{"start":{"line":23,"column":1},"end":{"line":23,"column":50}},"16":{"start":{"line":24,"column":1},"end":{"line":24,"column":49}},"17":{"start":{"line":27,"column":0},"end":{"line":27,"column":61}}},"fnMap":{"0":{"name":"(anonymous_0)","decl":{"start":{"line":5,"column":23},"end":{"line":5,"column":24}},"loc":{"start":{"line":5,"column":43},"end":{"line":15,"column":1}},"line":5},"1":{"name":"(anonymous_1)","decl":{"start":{"line":17,"column":21},"end":{"line":17,"column":22}},"loc":{"start":{"line":17,"column":27},"end":{"line":25,"column":1}},"line":17},"2":{"name":"(anonymous_2)","decl":{"start":{"line":19,"column":38},"end":{"line":19,"column":39}},"loc":{"start":{"line":19,"column":70},"end":{"line":21,"column":2}},"line":19}},"branchMap":{"0":{"loc":{"start":{"line":6,"column":1},"end":{"line":9,"column":2}},"type":"if","locations":[{"start":{"line":6,"column":1},"end":{"line":9,"column":2}},{"start":{"line":6,"column":1},"end":{"line":9,"column":2}}],"line":6},"1":{"loc":{"start":{"line":10,"column":25},"end":{"line":10,"column":49}},"type":"binary-expr","locations":[{"start":{"line":10,"column":25},"end":{"line":10,"column":44}},{"start":{"line":10,"column":48},"end":{"line":10,"column":49}}],"line":10}},"s":{"0":1,"1":1,"2":1,"3":3,"4":2,"5":2,"6":1,"7":1,"8":1,"9":1,"10":1,"11":1,"12":1,"13":1,"14":1,"15":1,"16":1,"17":1},"f":{"0":3,"1":1,"2":1},"b":{"0":[2,1],"1":[1,1]},"_coverageSchema":"1a1c01bbd47fc00a2c39e90264f33305004495a9","hash":"32676b0e7cda312371bfe2fa725f614b81606c5b"}
}
